

Version:	3.12
CmdLine:	D:\Education\College\third year\Second term\Algorithms\Algorithms-Tasks\bundle\GraphRepresentation.exe --l4j-debug
WOW64:		yes
Working dir:	D:\Education\College\third year\Second term\Algorithms\Algorithms-Tasks\bundle\.
Java min ver:	
Java max ver:	
Bundled JRE:	bin\jre1.8.0_201
Check launcher:	D:\Education\College\third year\Second term\Algorithms\Algorithms-Tasks\bundle\bin\jre1.8.0_201\bin\javaw.exe (OK)
Launcher:	D:\Education\College\third year\Second term\Algorithms\Algorithms-Tasks\bundle\bin\jre1.8.0_201\bin\javaw.exe
Launcher args:	-jar "D:\Education\College\third year\Second term\Algorithms\Algorithms-Tasks\bundle\GraphRepresentation.exe"
Args length:	109/32768 chars
Exit code:	0


Version:	3.12
CmdLine:	D:\Education\College\third year\Second term\Algorithms\Algorithms-Tasks\bundle\Hamilton.exe --l4j-debug
WOW64:		yes
Working dir:	D:\Education\College\third year\Second term\Algorithms\Algorithms-Tasks\bundle\.
Java min ver:	
Java max ver:	
Bundled JRE:	bin\jre1.8.0_201
Check launcher:	D:\Education\College\third year\Second term\Algorithms\Algorithms-Tasks\bundle\bin\jre1.8.0_201\bin\javaw.exe (OK)
Launcher:	D:\Education\College\third year\Second term\Algorithms\Algorithms-Tasks\bundle\bin\jre1.8.0_201\bin\javaw.exe
Launcher args:	-jar "D:\Education\College\third year\Second term\Algorithms\Algorithms-Tasks\bundle\Hamilton.exe"
Args length:	98/32768 chars
Exit code:	0


Version:	3.12
CmdLine:	D:\Education\College\third year\Second term\Algorithms\Algorithms-Tasks\bundle\Hamilton.exe --l4j-debug
WOW64:		yes
Working dir:	D:\Education\College\third year\Second term\Algorithms\Algorithms-Tasks\bundle\.
Java min ver:	
Java max ver:	
Bundled JRE:	bin\jre1.8.0_201
Check launcher:	D:\Education\College\third year\Second term\Algorithms\Algorithms-Tasks\bundle\bin\jre1.8.0_201\bin\javaw.exe (OK)
Launcher:	D:\Education\College\third year\Second term\Algorithms\Algorithms-Tasks\bundle\bin\jre1.8.0_201\bin\javaw.exe
Launcher args:	-jar "D:\Education\College\third year\Second term\Algorithms\Algorithms-Tasks\bundle\Hamilton.exe"
Args length:	98/32768 chars
Exit code:	0


Version:	3.12
CmdLine:	C:\Users\ahmed\Downloads\bundle\Hamilton.exe --l4j-debug
WOW64:		yes
Working dir:	C:\Users\ahmed\Downloads\bundle\.
Java min ver:	
Java max ver:	
Bundled JRE:	bin\jre1.8.0_201
Check launcher:	C:\Users\ahmed\Downloads\bundle\bin\jre1.8.0_201\bin\javaw.exe (OK)
Launcher:	C:\Users\ahmed\Downloads\bundle\bin\jre1.8.0_201\bin\javaw.exe
Launcher args:	-jar "C:\Users\ahmed\Downloads\bundle\Hamilton.exe"
Args length:	51/32768 chars
Exit code:	0


Version:	3.12
CmdLine:	C:\Users\ahmed\Downloads\bundle\Hamilton.exe --l4j-debug
WOW64:		yes
Working dir:	C:\Users\ahmed\Downloads\bundle\.
Java min ver:	
Java max ver:	
Bundled JRE:	bin\jre1.8.0_201
Check launcher:	C:\Users\ahmed\Downloads\bundle\bin\jre1.8.0_201\bin\javaw.exe (OK)
Launcher:	C:\Users\ahmed\Downloads\bundle\bin\jre1.8.0_201\bin\javaw.exe
Launcher args:	-jar "C:\Users\ahmed\Downloads\bundle\Hamilton.exe"
Args length:	51/32768 chars
Exit code:	0


Version:	3.12
CmdLine:	C:\Users\ahmed\Downloads\bundle\Hamilton.exe --l4j-debug
WOW64:		yes
Working dir:	C:\Users\ahmed\Downloads\bundle\.
Java min ver:	
Java max ver:	
Bundled JRE:	bin\jre1.8.0_241
Check launcher:	C:\Users\ahmed\Downloads\bundle\bin\jre1.8.0_241\bin\javaw.exe (OK)
Launcher:	C:\Users\ahmed\Downloads\bundle\bin\jre1.8.0_241\bin\javaw.exe
Launcher args:	-jar "C:\Users\ahmed\Downloads\bundle\Hamilton.exe"
Args length:	51/32768 chars
Exit code:	0


Version:	3.12
CmdLine:	C:\Users\ahmed\Downloads\bundle\Hamilton.exe --l4j-debug
WOW64:		yes
Working dir:	C:\Users\ahmed\Downloads\bundle\.
Java min ver:	
Java max ver:	
Bundled JRE:	bin\jre1.8.0_241
Check launcher:	C:\Users\ahmed\Downloads\bundle\bin\jre1.8.0_241\bin\javaw.exe (OK)
Launcher:	C:\Users\ahmed\Downloads\bundle\bin\jre1.8.0_241\bin\javaw.exe
Launcher args:	-jar "C:\Users\ahmed\Downloads\bundle\Hamilton.exe"
Args length:	51/32768 chars
Exit code:	0


Version:	3.12
CmdLine:	C:\Users\ahmed\Downloads\bundle\GraphRepresentation.exe --l4j-debug
WOW64:		yes
Working dir:	C:\Users\ahmed\Downloads\bundle\.
Java min ver:	
Java max ver:	
Bundled JRE:	bin\jre1.8.0_241
Check launcher:	C:\Users\ahmed\Downloads\bundle\bin\jre1.8.0_241\bin\javaw.exe (OK)
Launcher:	C:\Users\ahmed\Downloads\bundle\bin\jre1.8.0_241\bin\javaw.exe
Launcher args:	-jar "C:\Users\ahmed\Downloads\bundle\GraphRepresentation.exe"
Args length:	62/32768 chars
Exit code:	0


Version:	3.12
CmdLine:	C:\Users\ahmed\Downloads\bundle\Hamilton.exe --l4j-debug
WOW64:		yes
Working dir:	C:\Users\ahmed\Downloads\bundle\.
Java min ver:	
Java max ver:	
Bundled JRE:	bin\jre1.8.0_241
Check launcher:	C:\Users\ahmed\Downloads\bundle\bin\jre1.8.0_241\bin\javaw.exe (OK)
Launcher:	C:\Users\ahmed\Downloads\bundle\bin\jre1.8.0_241\bin\javaw.exe
Launcher args:	-jar "C:\Users\ahmed\Downloads\bundle\Hamilton.exe"
Args length:	51/32768 chars
Exit code:	0


Version:	3.12
CmdLine:	D:\Education\College\third year\Second term\Algorithms\Algorithms-Tasks\bundle\Minimum-Spanning-Tree.exe --l4j-debug
WOW64:		yes
Working dir:	D:\Education\College\third year\Second term\Algorithms\Algorithms-Tasks\bundle\.
Java min ver:	
Java max ver:	
Bundled JRE:	bin\jre1.8.0_241
Check launcher:	D:\Education\College\third year\Second term\Algorithms\Algorithms-Tasks\bundle\bin\jre1.8.0_241\bin\javaw.exe (OK)
Launcher:	D:\Education\College\third year\Second term\Algorithms\Algorithms-Tasks\bundle\bin\jre1.8.0_241\bin\javaw.exe
Launcher args:	-jar "D:\Education\College\third year\Second term\Algorithms\Algorithms-Tasks\bundle\Minimum-Spanning-Tree.exe"
Args length:	111/32768 chars
Exit code:	0


Version:	3.12
CmdLine:	D:\Education\College\third year\Second term\Algorithms\Algorithms-Tasks\bundle\Sales-Man-Problem.exe --l4j-debug
WOW64:		yes
Working dir:	D:\Education\College\third year\Second term\Algorithms\Algorithms-Tasks\bundle\.
Java min ver:	
Java max ver:	
Bundled JRE:	bin\jre1.8.0_241
Check launcher:	D:\Education\College\third year\Second term\Algorithms\Algorithms-Tasks\bundle\bin\jre1.8.0_241\bin\javaw.exe (OK)
Launcher:	D:\Education\College\third year\Second term\Algorithms\Algorithms-Tasks\bundle\bin\jre1.8.0_241\bin\javaw.exe
Launcher args:	-jar "D:\Education\College\third year\Second term\Algorithms\Algorithms-Tasks\bundle\Sales-Man-Problem.exe"
Args length:	107/32768 chars
Exit code:	0
